[handleMsg]:  {
  key: {
    remoteJid: '51972528433@s.whatsapp.net',
    fromMe: false,
    id: '3EB02A500F7A6CDF9E0130',
    participant: undefined
  },
  messageTimestamp: 1687619767,
  pushName: 'José Zapata',
  broadcast: false,
  message: Message {
    extendedTextMessage: ExtendedTextMessage {
      text: 'ya esta',
      contextInfo: [ContextInfo],
      inviteLinkGroupTypeV2: 0
    },
    messageContextInfo: MessageContextInfo {
      deviceListMetadata: [DeviceListMetadata],
      deviceListMetadataVersion: 2
    }
  },
  body: 'ya esta',
  from: '51972528433'
}
[handleMsg]:  {
  key: {
    remoteJid: '51972528433@s.whatsapp.net',
    fromMe: false,
    id: '3EB0EA5D2C5EC81AFA86B3',
    participant: undefined
  },
  messageTimestamp: 1687619769,
  pushName: 'José Zapata',
  broadcast: false,
  message: Message {
    extendedTextMessage: ExtendedTextMessage {
      text: 'chatbot',
      contextInfo: [ContextInfo],
      inviteLinkGroupTypeV2: 0
    },
    messageContextInfo: MessageContextInfo {
      deviceListMetadata: [DeviceListMetadata],
      deviceListMetadataVersion: 2
    }
  },
  body: 'chatbot',
  from: '51972528433'
}
[handleMsg]:  {
  key: {
    remoteJid: '51972528433@s.whatsapp.net',
    fromMe: false,
    id: '3EB068C315907ACD9B48D6',
    participant: undefined
  },
  messageTimestamp: 1687619771,
  pushName: 'José Zapata',
  broadcast: false,
  message: Message {
    extendedTextMessage: ExtendedTextMessage {
      text: 'chatbot',
      contextInfo: [ContextInfo],
      inviteLinkGroupTypeV2: 0
    },
    messageContextInfo: MessageContextInfo {
      deviceListMetadata: [DeviceListMetadata],
      deviceListMetadataVersion: 2
    }
  },
  body: 'chatbot',
  from: '51972528433'
}
[handleMsg]:  {
  key: {
    remoteJid: '51972528433@s.whatsapp.net',
    fromMe: false,
    id: '3EB07CC62715895BC46A35',
    participant: undefined
  },
  messageTimestamp: 1687619773,
  pushName: 'José Zapata',
  broadcast: false,
  message: Message {
    extendedTextMessage: ExtendedTextMessage {
      text: 'buenos dias',
      contextInfo: [ContextInfo],
      inviteLinkGroupTypeV2: 0
    },
    messageContextInfo: MessageContextInfo {
      deviceListMetadata: [DeviceListMetadata],
      deviceListMetadataVersion: 2
    }
  },
  body: 'buenos dias',
  from: '51972528433'
}
[handleMsg]:  {
  key: {
    remoteJid: '51972528433@s.whatsapp.net',
    fromMe: false,
    id: '3EB02221A5A40A362DEB62',
    participant: undefined
  },
  messageTimestamp: 1687619775,
  pushName: 'José Zapata',
  broadcast: false,
  message: Message {
    extendedTextMessage: ExtendedTextMessage {
      text: 'buenas tardes',
      contextInfo: [ContextInfo],
      inviteLinkGroupTypeV2: 0
    },
    messageContextInfo: MessageContextInfo {
      deviceListMetadata: [DeviceListMetadata],
      deviceListMetadataVersion: 2
    }
  },
  body: 'buenas tardes',
  from: '51972528433'
}
[handleMsg]:  {
  key: {
    remoteJid: '51972528433@s.whatsapp.net',
    fromMe: false,
    id: '3EB0B379E7CAE126B2BCC9',
    participant: undefined
  },
  messageTimestamp: 1687619776,
  pushName: 'José Zapata',
  broadcast: false,
  message: Message {
    extendedTextMessage: ExtendedTextMessage {
      text: 'hola',
      contextInfo: [ContextInfo],
      inviteLinkGroupTypeV2: 0
    },
    messageContextInfo: MessageContextInfo {
      deviceListMetadata: [DeviceListMetadata],
      deviceListMetadataVersion: 2
    }
  },
  body: 'hola',
  from: '51972528433'
}
[handleMsg]:  {
  key: {
    remoteJid: '51972528433@s.whatsapp.net',
    fromMe: false,
    id: '3EB0FC2390500BD26C1612',
    participant: undefined
  },
  messageTimestamp: 1687619777,
  pushName: 'José Zapata',
  broadcast: false,
  message: Message {
    extendedTextMessage: ExtendedTextMessage {
      text: 'alo',
      contextInfo: [ContextInfo],
      inviteLinkGroupTypeV2: 0
    },
    messageContextInfo: MessageContextInfo {
      deviceListMetadata: [DeviceListMetadata],
      deviceListMetadataVersion: 2
    }
  },
  body: 'alo',
  from: '51972528433'
}
[handleMsg]:  {
  key: {
    remoteJid: '51972528433@s.whatsapp.net',
    fromMe: false,
    id: '3EB01566DE2FA24E1602F5',
    participant: undefined
  },
  messageTimestamp: 1687619778,
  pushName: 'José Zapata',
  broadcast: false,
  message: Message {
    extendedTextMessage: ExtendedTextMessage {
      text: 'cbt',
      contextInfo: [ContextInfo],
      inviteLinkGroupTypeV2: 0
    },
    messageContextInfo: MessageContextInfo {
      deviceListMetadata: [DeviceListMetadata],
      deviceListMetadataVersion: 2
    }
  },
  body: 'cbt',
  from: '51972528433'
}
[handleMsg]:  {
  key: {
    remoteJid: '51955221594@s.whatsapp.net',
    fromMe: false,
    id: 'AA6C36DEF7BD6D97FBE5C69FA9CD21AC',
    participant: undefined
  },
  messageTimestamp: 1687619783,
  pushName: 'Criptoeconomista - Juan Reynaldo',
  broadcast: false,
  message: Message {
    conversation: 'Chatbot',
    messageContextInfo: MessageContextInfo {
      deviceListMetadata: [DeviceListMetadata],
      deviceListMetadataVersion: 2
    }
  },
  verifiedBizName: 'Criptoeconomista - Juan Reynaldo',
  body: 'Chatbot',
  from: '51955221594'
}
[handleMsg]:  {
  key: {
    remoteJid: '51972528433@s.whatsapp.net',
    fromMe: false,
    id: '3EB0A89F6F6ECBD6D607B0',
    participant: undefined
  },
  messageTimestamp: 1687619793,
  pushName: 'José Zapata',
  broadcast: false,
  message: Message {
    extendedTextMessage: ExtendedTextMessage {
      text: '0',
      contextInfo: [ContextInfo],
      inviteLinkGroupTypeV2: 0
    },
    messageContextInfo: MessageContextInfo {
      deviceListMetadata: [DeviceListMetadata],
      deviceListMetadataVersion: 2
    }
  },
  body: '0',
  from: '51972528433'
}
[handleMsg]:  {
  key: {
    remoteJid: '51953596890@s.whatsapp.net',
    fromMe: false,
    id: '53AD1A638A5D5893988BAA3D20A47617',
    participant: undefined
  },
  messageTimestamp: 1687619836,
  pushName: 'Kyrios Mayorist',
  broadcast: false,
  message: Message {
    extendedTextMessage: ExtendedTextMessage {
      text: 'Cbt',
      previewType: 0,
      contextInfo: [ContextInfo],
      inviteLinkGroupTypeV2: 0
    },
    messageContextInfo: MessageContextInfo {
      deviceListMetadata: [DeviceListMetadata],
      deviceListMetadataVersion: 2
    }
  },
  verifiedBizName: 'Kyrios Mayorist',
  body: 'Cbt',
  from: '51953596890'
}
[handleMsg]:  {
  key: {
    remoteJid: '51955221594@s.whatsapp.net',
    fromMe: false,
    id: 'CA5F62C61DBF55D4866E6C9A488FA19B',
    participant: undefined
  },
  messageTimestamp: 1687619858,
  pushName: 'Criptoeconomista - Juan Reynaldo',
  broadcast: false,
  message: Message {
    conversation: 'Hola',
    messageContextInfo: MessageContextInfo {
      deviceListMetadata: [DeviceListMetadata],
      deviceListMetadataVersion: 2
    }
  },
  verifiedBizName: 'Criptoeconomista - Juan Reynaldo',
  body: 'Hola',
  from: '51955221594'
}
[handleMsg]:  {
  key: {
    remoteJid: '51955221594@s.whatsapp.net',
    fromMe: false,
    id: 'A98DC0F2FFEF5E880B537C89C95FE441',
    participant: undefined
  },
  messageTimestamp: 1687619864,
  pushName: 'Criptoeconomista - Juan Reynaldo',
  broadcast: false,
  message: Message {
    conversation: 'Cbt',
    messageContextInfo: MessageContextInfo {
      deviceListMetadata: [DeviceListMetadata],
      deviceListMetadataVersion: 2
    }
  },
  verifiedBizName: 'Criptoeconomista - Juan Reynaldo',
  body: 'Cbt',
  from: '51955221594'
}
[handleMsg]:  {
  key: {
    remoteJid: '51953596890@s.whatsapp.net',
    fromMe: false,
    id: 'CA13BB13197652F06F1FA992BE9AD790',
    participant: undefined
  },
  messageTimestamp: 1687619876,
  pushName: 'Kyrios Mayorist',
  broadcast: false,
  message: Message {
    conversation: 'Aqui si funciona',
    messageContextInfo: MessageContextInfo {
      deviceListMetadata: [DeviceListMetadata],
      deviceListMetadataVersion: 2
    }
  },
  verifiedBizName: 'Kyrios Mayorist',
  body: 'Aqui si funciona',
  from: '51953596890'
}
[handleMsg]:  {
  key: {
    remoteJid: '51955221594@s.whatsapp.net',
    fromMe: false,
    id: '2D3F1D4C59CF7732AA22A57DA69ED841',
    participant: undefined
  },
  messageTimestamp: 1687619891,
  pushName: 'Criptoeconomista - Juan Reynaldo',
  broadcast: false,
  message: Message {
    conversation: '1',
    messageContextInfo: MessageContextInfo {
      deviceListMetadata: [DeviceListMetadata],
      deviceListMetadataVersion: 2
    }
  },
  verifiedBizName: 'Criptoeconomista - Juan Reynaldo',
  body: '1',
  from: '51955221594'
}
[handleMsg]:  {
  key: {
    remoteJid: '51955221594@s.whatsapp.net',
    fromMe: false,
    id: '24D77315A186A6D2516F75028B61A9C4',
    participant: undefined
  },
  messageTimestamp: 1687619911,
  pushName: 'Criptoeconomista - Juan Reynaldo',
  broadcast: false,
  message: Message {
    conversation: '1',
    messageContextInfo: MessageContextInfo {
      deviceListMetadata: [DeviceListMetadata],
      deviceListMetadataVersion: 2
    }
  },
  verifiedBizName: 'Criptoeconomista - Juan Reynaldo',
  body: '1',
  from: '51955221594'
}
